TWA/app/build/outputs/mapping/release/usage.txt
com.mytja.beziapp.R$raw
com.mytja.beziapp.R$id
com.mytja.beziapp.R$attr
com.mytja.beziapp.R$xml
com.mytja.beziapp.R$color
com.mytja.beziapp.R$mipmap
com.mytja.beziapp.R
com.mytja.beziapp.R$drawable
com.mytja.beziapp.R$dimen
com.mytja.beziapp.BuildConfig
com.mytja.beziapp.R$layout
com.mytja.beziapp.R$bool
com.mytja.beziapp.R$styleable
com.mytja.beziapp.R$string
com.mytja.beziapp.R$style
com.mytja.beziapp.R$integer
...
androidx.core.util.PatternsCompat
androidx.core.net.DatagramSocketWrapper
androidx.concurrent.futures.AbstractResolvableFuture$Waiter
androidx.browser.browseractions.BrowserActionItem
androidx.arch.core.internal.SafeIterableMap$SupportRemove
androidx.core.content.FileProvider:
    private static final java.lang.String META_DATA_FILE_PROVIDER_PATHS
    private static final java.lang.String TAG_ROOT_PATH
    private static final java.lang.String TAG_FILES_PATH
    private static final java.lang.String TAG_CACHE_PATH
    private static final java.lang.String TAG_EXTERNAL
    private static final java.lang.String TAG_EXTERNAL_FILES
    private static final java.lang.String TAG_EXTERNAL_CACHE
    private static final java.lang.String TAG_EXTERNAL_MEDIA
    private static final java.lang.String ATTR_NAME
    private static final java.lang.String ATTR_PATH
androidx.browser.trusted.TrustedWebActivityServiceConnection$CancelNotificationArgs:
    public android.os.Bundle toBundle()
androidx.core.view.inputmethod.InputConnectionCompat
androidx.core.app.NotificationCompat$Style
androidx.core.app.FrameMetricsAggregator$FrameMetricsApi24Impl$1
androidx.core.widget.NestedScrollView$AccessibilityDelegate
androidx.core.content.pm.ShortcutInfoCompatSaver
androidx.core.content.ContextCompat:
    protected void <init>()
    public static boolean startActivities(android.content.Context,android.content.Intent[])
    public static boolean startActivities(android.content.Context,android.content.Intent[],android.os.Bundle)
    public static java.io.File getDataDir(android.content.Context)
    public static java.io.File[] getObbDirs(android.content.Context)
    public static android.content.res.ColorStateList getColorStateList(android.content.Context,int)
    public static int checkSelfPermission(android.content.Context,java.lang.String)
    public static java.io.File getNoBackupFilesDir(android.content.Context)
    public static java.io.File getCodeCacheDir(android.content.Context)
    private static synchronized java.io.File createFilesDir(java.io.File)
    public static android.content.Context createDeviceProtectedStorageContext(android.content.Context)
    public static boolean isDeviceProtectedStorage(android.content.Context)
    public static java.util.concurrent.Executor getMainExecutor(android.content.Context)
    public static void startForegroundService(android.content.Context,android.content.Intent)
    public static java.lang.Object getSystemService(android.content.Context,java.lang.Class)
    public static java.lang.String getSystemServiceName(android.content.Context,java.lang.Class)
    private static final java.lang.String TAG
androidx.annotation.Dimension
androidx.core.widget.EdgeEffectCompat
androidx.core.view.accessibility.AccessibilityViewCommand$SetSelectionArguments
androidx.core.R$layout
androidx.browser.R$id
androidx.lifecycle.ReflectiveGenericLifecycleObserver:
    void <init>(java.lang.Object)
    public void onStateChanged(androidx.lifecycle.LifecycleOwner,androidx.lifecycle.Lifecycle$Event)
    private final java.lang.Object mWrapped
    private final androidx.lifecycle.ClassesInfoCache$CallbackInfo mInfo
com.google.androidbrowserhelper.trusted.ChromeOsSupport:
    public void <init>()
    public static final java.lang.String ARC_FEATURE
    public static final java.lang.String ARC_PAYMENT_APP
androidx.core.app.ShareCompat$IntentReader
androidx.annotation.MainThread
androidx.versionedparcelable.VersionedParcel$ParcelException
androidx.core.app.BundleCompat$BundleCompatBaseImpl:
    private void <init>()
    public static android.os.IBinder getBinder(android.os.Bundle,java.lang.String)
    private static final java.lang.String TAG
    private static java.lang.reflect.Method sGetIBinderMethod
    private static boolean sGetIBinderMethodFetched
androidx.core.os.EnvironmentCompat
androidx.browser.trusted.NotificationApiHelperForM:
    private void <init>()
androidx.lifecycle.ReportFragment$ActivityInitializationListener